<?xml version="1.0" encoding="UTF-8"?>
<!-- Generated by org.testng.reporters.JUnitXMLReporter -->
<testsuite ignored="2" hostname="DESKTOP-K4C2197" failures="0" tests="2" name="Test" time="42.111" errors="0" timestamp="2025-03-22T09:41:38 IST">
  <testcase classname="testCaseRepo.TC_004" name="CON_001" time="27.263"/>
  <testcase classname="testCaseRepo.TC_002" name="Leads_002" time="22.284"/>
  <testcase classname="genericUtility.BaseClass" name="@BeforeSuite dbConnection" time="0.0">
    <ignored/>
  </testcase> <!-- @BeforeSuite dbConnection -->
  <testcase classname="genericUtility.BaseClass" name="@AfterSuite closeDBConnection" time="0.0">
    <ignored/>
  </testcase> <!-- @AfterSuite closeDBConnection -->
</testsuite> <!-- Test -->
