<?xml version="1.0" encoding="UTF-8"?>
<!-- Generated by org.testng.reporters.JUnitXMLReporter -->
<testsuite ignored="7" hostname="DESKTOP-K4C2197" failures="0" tests="1" name="Test" time="51.018" errors="0" timestamp="2025-03-26T10:24:06 IST">
  <testcase classname="testCaseRepo.TC_003" name="Leads_003" time="24.933"/>
  <testcase classname="testCaseRepo.TC_003" name="sample" time="0.0">
    <ignored/>
  </testcase> <!-- sample -->
  <testcase classname="genericUtility.BaseClass" name="@BeforeSuite dbConnection" time="0.0">
    <ignored/>
  </testcase> <!-- @BeforeSuite dbConnection -->
  <testcase classname="testCaseRepo.TC_005" name="Con_001" time="0.0">
    <ignored/>
  </testcase> <!-- Con_001 -->
  <testcase classname="genericUtility.BaseClass" name="@BeforeSuite dbConnection" time="0.0">
    <ignored/>
  </testcase> <!-- @BeforeSuite dbConnection -->
  <testcase classname="genericUtility.BaseClass" name="@AfterSuite closeDBConnection" time="0.0">
    <ignored/>
  </testcase> <!-- @AfterSuite closeDBConnection -->
  <testcase classname="genericUtility.BaseClass" name="@AfterSuite closeDBConnection" time="0.0">
    <ignored/>
  </testcase> <!-- @AfterSuite closeDBConnection -->
  <testcase classname="testCaseRepo.TC_001" name="Leads_001" time="0.0">
    <ignored/>
  </testcase> <!-- Leads_001 -->
</testsuite> <!-- Test -->
