<?xml version="1.0" encoding="UTF-8"?>
<testng-results ignored="0" total="2" passed="2" failed="0" skipped="0">
  <reporter-output>
    <line>
      <![CDATA[CON_001 On Test Start executed]]>
    </line>
    <line>
      <![CDATA[Leads_002 On Test Start executed]]>
    </line>
    <line>
      <![CDATA[CON_001 On Test Success executed]]>
    </line>
    <line>
      <![CDATA[Leads_002 On Test Success executed]]>
    </line>
  </reporter-output>
  <suite started-at="2025-03-22T09:40:55 IST" name="Suite" finished-at="2025-03-22T09:41:37 IST" duration-ms="42111">
    <groups>
      <group name="functional">
        <method signature="TC_002.Leads_002()[pri:0, instance:testCaseRepo.TC_002@31f9b85e]" name="Leads_002" class="testCaseRepo.TC_002"/>
      </group> <!-- functional -->
      <group name="smoke">
        <method signature="TC_002.Leads_002()[pri:0, instance:testCaseRepo.TC_002@31f9b85e]" name="Leads_002" class="testCaseRepo.TC_002"/>
        <method signature="TC_004.CON_001()[pri:0, instance:testCaseRepo.TC_004@7b02881e]" name="CON_001" class="testCaseRepo.TC_004"/>
      </group> <!-- smoke -->
    </groups>
    <test started-at="2025-03-22T09:40:55 IST" name="Test" finished-at="2025-03-22T09:41:37 IST" duration-ms="42111">
      <class name="testCaseRepo.TC_002">
        <test-method is-config="true" signature="dbConnection()[pri:0, instance:testCaseRepo.TC_002@31f9b85e]" started-at="2025-03-22T09:40:55 IST" name="dbConnection" finished-at="2025-03-22T09:40:55 IST" duration-ms="17" status="PASS">
          <reporter-output>
          </reporter-output>
        </test-method> <!-- dbConnection -->
        <test-method is-config="true" signature="launchBrowser(java.lang.String)[pri:0, instance:testCaseRepo.TC_002@31f9b85e]" started-at="2025-03-22T09:40:55 IST" name="launchBrowser" finished-at="2025-03-22T09:41:06 IST" duration-ms="10336" status="PASS">
          <params>
            <param index="0">
              <value>
                <![CDATA[chrome]]>
              </value>
            </param>
          </params>
          <reporter-output>
          </reporter-output>
        </test-method> <!-- launchBrowser -->
        <test-method is-config="true" signature="loginOperation()[pri:0, instance:testCaseRepo.TC_002@31f9b85e]" started-at="2025-03-22T09:41:06 IST" name="loginOperation" finished-at="2025-03-22T09:41:11 IST" duration-ms="5751" status="PASS">
          <reporter-output>
          </reporter-output>
        </test-method> <!-- loginOperation -->
        <test-method signature="Leads_002()[pri:0, instance:testCaseRepo.TC_002@31f9b85e]" started-at="2025-03-22T09:41:11 IST" name="Leads_002" finished-at="2025-03-22T09:41:34 IST" duration-ms="22284" status="PASS">
          <reporter-output>
            <line>
              <![CDATA[Leads_002 On Test Start executed]]>
            </line>
            <line>
              <![CDATA[Leads_002 On Test Success executed]]>
            </line>
          </reporter-output>
        </test-method> <!-- Leads_002 -->
        <test-method is-config="true" signature="logoutOperation()[pri:0, instance:testCaseRepo.TC_002@31f9b85e]" started-at="2025-03-22T09:41:34 IST" name="logoutOperation" finished-at="2025-03-22T09:41:36 IST" duration-ms="2337" status="PASS">
          <reporter-output>
          </reporter-output>
        </test-method> <!-- logoutOperation -->
        <test-method is-config="true" signature="closeBrowser()[pri:0, instance:testCaseRepo.TC_002@31f9b85e]" started-at="2025-03-22T09:41:36 IST" name="closeBrowser" finished-at="2025-03-22T09:41:37 IST" duration-ms="772" status="PASS">
          <reporter-output>
          </reporter-output>
        </test-method> <!-- closeBrowser -->
        <test-method is-config="true" signature="closeDBConnection()[pri:0, instance:testCaseRepo.TC_002@31f9b85e]" started-at="2025-03-22T09:41:38 IST" name="closeDBConnection" finished-at="2025-03-22T09:41:38 IST" duration-ms="6" status="PASS">
          <reporter-output>
          </reporter-output>
        </test-method> <!-- closeDBConnection -->
      </class> <!-- testCaseRepo.TC_002 -->
      <class name="testCaseRepo.TC_004">
        <test-method is-config="true" signature="launchBrowser(java.lang.String)[pri:0, instance:testCaseRepo.TC_004@7b02881e]" started-at="2025-03-22T09:40:55 IST" name="launchBrowser" finished-at="2025-03-22T09:41:06 IST" duration-ms="10299" status="PASS">
          <params>
            <param index="0">
              <value>
                <![CDATA[chrome]]>
              </value>
            </param>
          </params>
          <reporter-output>
          </reporter-output>
        </test-method> <!-- launchBrowser -->
        <test-method is-config="true" signature="loginOperation()[pri:0, instance:testCaseRepo.TC_004@7b02881e]" started-at="2025-03-22T09:41:06 IST" name="loginOperation" finished-at="2025-03-22T09:41:06 IST" duration-ms="502" status="PASS">
          <reporter-output>
          </reporter-output>
        </test-method> <!-- loginOperation -->
        <test-method signature="CON_001()[pri:0, instance:testCaseRepo.TC_004@7b02881e]" started-at="2025-03-22T09:41:06 IST" name="CON_001" finished-at="2025-03-22T09:41:33 IST" duration-ms="27263" status="PASS">
          <reporter-output>
            <line>
              <![CDATA[CON_001 On Test Start executed]]>
            </line>
            <line>
              <![CDATA[CON_001 On Test Success executed]]>
            </line>
          </reporter-output>
        </test-method> <!-- CON_001 -->
        <test-method is-config="true" signature="logoutOperation()[pri:0, instance:testCaseRepo.TC_004@7b02881e]" started-at="2025-03-22T09:41:33 IST" name="logoutOperation" finished-at="2025-03-22T09:41:36 IST" duration-ms="2874" status="PASS">
          <reporter-output>
          </reporter-output>
        </test-method> <!-- logoutOperation -->
        <test-method is-config="true" signature="closeBrowser()[pri:0, instance:testCaseRepo.TC_004@7b02881e]" started-at="2025-03-22T09:41:36 IST" name="closeBrowser" finished-at="2025-03-22T09:41:37 IST" duration-ms="650" status="PASS">
          <reporter-output>
          </reporter-output>
        </test-method> <!-- closeBrowser -->
      </class> <!-- testCaseRepo.TC_004 -->
    </test> <!-- Test -->
  </suite> <!-- Suite -->
</testng-results>
